1. [GET] https://nevatrip.ru/ => [200] 
2. [GET] https://nevatrip.ru/_next/static/media/58f662ed5ba12a72-s.p.woff2 => [200] 
3. [GET] https://nevatrip.ru/_next/static/media/5dd85d3029179856-s.p.woff2 => [200] 
4. [GET] https://nevatrip.ru/_next/static/media/851c14db057e20c2-s.p.woff2 => [200] 
5. [GET] https://nevatrip.ru/_next/static/media/c3f6eb667c0186c5-s.p.woff2 => [200] 
6. [GET] https://nevatrip.ru/_next/static/media/d150a0f5773426e5-s.p.woff2 => [200] 
7. [GET] https://nevatrip.ru/_next/static/media/da770fb7323ac426-s.p.woff2 => [200] 
8. [GET] https://nevatrip.ru/_next/static/media/e1df014bb05b8510-s.p.woff2 => [200] 
9. [GET] https://nevatrip.ru/_next/static/media/e807dee2426166ad-s.p.woff2 => [200] 
10. [GET] https://nevatrip.ru/_next/static/css/90b13753ef8b872d.css => [200] 
11. [GET] https://nevatrip.ru/_next/static/css/5c7168a62c9b0220.css => [200] 
12. [GET] https://nevatrip.ru/_next/static/css/1fc1f92e815df898.css => [200] 
13. [GET] https://nevatrip.ru/assets/img/nevatrip_logo.svg => [200] 
14. [GET] https://nevatrip.ru/_next/image?url=https%3A%2F%2Fstatic.nevatrip.ru%2Fnevatrip%2Fimg%2Fe%2Fnevatrip%2Fmain_banner_2.jpg&w=3840&q=85 => [200] 
15. [GET] https://nevatrip.ru/_next/static/css/d5d28ee146947fbd.css => [200] 
16. [GET] https://nevatrip.ru/_next/static/css/ea3d64b133b720bc.css => [200] 
17. [GET] https://nevatrip.ru/_next/static/chunks/webpack-c3cc956e8aad37a3.js => [200] 
18. [GET] https://nevatrip.ru/_next/static/chunks/4bd1b696-4883ff084b167578.js => [200] 
19. [GET] https://nevatrip.ru/_next/static/chunks/517-b11f002ae1c89d47.js => [200] 
20. [GET] https://nevatrip.ru/_next/static/chunks/main-app-1dd263df69101e7e.js => [200] 
21. [GET] https://nevatrip.ru/_next/static/chunks/app/error-3b1d800ce9245809.js => [200] 
22. [GET] https://nevatrip.ru/_next/static/chunks/97bfd92e-8d4916de1f102147.js => [200] 
23. [GET] https://nevatrip.ru/_next/static/chunks/962-62c7d20d5ad10dec.js => [200] 
24. [GET] https://nevatrip.ru/_next/static/chunks/698-c3304fe493908c7a.js => [200] 
25. [GET] https://nevatrip.ru/_next/static/chunks/186-f7273dabe4a24644.js => [200] 
26. [GET] https://nevatrip.ru/_next/static/chunks/712-3b931dd8ed5f4ed2.js => [200] 
27. [GET] https://nevatrip.ru/_next/static/chunks/748-04d194b5a1a0b4f7.js => [200] 
28. [GET] https://nevatrip.ru/_next/static/chunks/app/(main)/page-120096dc81d73567.js => [200] 
29. [GET] https://nevatrip.ru/_next/static/chunks/133-1da3ecbe885e3378.js => [200] 
30. [GET] https://nevatrip.ru/_next/static/chunks/app/%5B...slug%5D/page-376152895a26830c.js => [200] 
31. [GET] https://nevatrip.ru/_next/static/chunks/124-eb94f78e6ce51f98.js => [200] 
32. [GET] https://nevatrip.ru/_next/static/chunks/18-2e37e0d945238dfc.js => [200] 
33. [GET] https://nevatrip.ru/_next/static/chunks/app/%5B...slug%5D/layout-c720532f581e99d9.js => [200] 
34. [GET] https://nevatrip.ru/assets/img/hero/stpb-2x.webp => [200] 
35. [GET] https://nevatrip.ru/manifest.webmanifest => [200] 
36. [GET] https://www.googletagmanager.com/gtm.js?id=GTM-T5KN99R => [200] 
37. [GET] https://nevatrip.ru/ref/images/jivo/jivochat-ru.png => [200] 
38. [GET] https://nevatrip.ru/_next/static/media/403511e41efd5e81-s.woff2 => [200] 
39. [GET] https://nevatrip.ru/assets/img/icons/topbar/inst-circle-blue.svg => [200] 
40. [GET] https://nevatrip.ru/assets/img/icons/topbar/vk-circle-blue.svg => [200] 
41. [GET] https://nevatrip.ru/assets/img/icons/topbar/youtube-circle-blue.svg => [200] 
42. [GET] https://nevatrip.ru/assets/img/icons/topbar/telegram-circle-blue.svg => [200] 
43. [GET] https://nevatrip.ru/assets/img/icons/topbar/mail-gray.svg => [200] 
44. [GET] https://nevatrip.ru/assets/img/icons/topbar/phone-gray.svg => [200] 
45. [GET] https://nevatrip.ru/assets/img/icons/drop-down-desktop/about-us.svg => [200] 
46. [GET] https://nevatrip.ru/assets/img/icons/drop-down-desktop/faq.svg => [200] 
47. [GET] https://nevatrip.ru/assets/img/icons/drop-down-desktop/oferta.svg => [200] 
48. [GET] https://nevatrip.ru/assets/img/icons/drop-down-desktop/heart.svg => [200] 
49. [GET] https://nevatrip.ru/assets/img/icons/drop-down-desktop/ticket.svg => [200] 
50. [GET] https://nevatrip.ru/assets/img/icons/drop-down-desktop/cooperation.svg => [200] 
51. [GET] https://nevatrip.ru/assets/img/icons/drop-down-desktop/moscow_desk_blue.svg => [200] 
52. [GET] https://nevatrip.ru/assets/img/icons/drop-down-desktop/sailboat.svg => [200] 
53. [GET] https://nevatrip.ru/assets/img/icons/drop-down-desktop/charter.svg => [200] 
54. [GET] https://nevatrip.ru/assets/img/icons/drop-down-desktop/bus.svg => [200] 
55. [GET] https://nevatrip.ru/assets/img/icons/drop-down-desktop/house.svg => [200] 
56. [GET] https://nevatrip.ru/assets/img/icons/loft_3.svg => [200] 
57. [GET] https://nevatrip.ru/assets/img/icons/drop-down-desktop/boat.svg => [200] 
58. [GET] https://nevatrip.ru/assets/img/icons/drop-down-desktop/anchor.svg => [200] 
59. [GET] https://nevatrip.ru/assets/img/icons/drop-down-desktop/sight.svg => [200] 
60. [GET] https://nevatrip.ru/assets/img/icons/drop-down-desktop/audio.svg => [200] 
61. [GET] https://nevatrip.ru/assets/img/icons/drop-down-desktop/balls.svg => [200] 
62. [GET] https://nevatrip.ru/_next/image?url=%2Fref%2Fimages%2Ftags%2Ftag.png&w=96&q=75 => [200] 
63. [GET] https://nevatrip.ru/_next/image?url=%2Fref%2Fimages%2Ftags%2Ftag30.png&w=96&q=75 => [200] 
64. [GET] https://nevatrip.ru/_next/image?url=%2Fref%2Fimages%2Ftags%2Ftag31.png&w=96&q=75 => [200] 
65. [GET] https://nevatrip.ru/_next/image?url=%2Fref%2Fimages%2Ftags%2Ftag7.png&w=96&q=75 => [200] 
66. [GET] https://nevatrip.ru/_next/image?url=%2Fref%2Fimages%2Ftags%2Ftag32.png&w=96&q=75 => [200] 
67. [GET] https://nevatrip.ru/_next/image?url=%2Fref%2Fimages%2Ftags%2Ftag34.png&w=96&q=75 => [200] 
68. [GET] https://nevatrip.ru/_next/image?url=%2Fref%2Fimages%2Ftags%2Ftag33.png&w=96&q=75 => [200] 
69. [GET] https://nevatrip.ru/_next/image?url=%2Fref%2Fimages%2Ftags%2Ftag35.png&w=96&q=75 => [200] 
70. [GET] https://nevatrip.ru/_next/image?url=%2Fref%2Fimages%2Ftags%2Ftag5.png&w=96&q=75 => [200] 
71. [GET] https://nevatrip.ru/_next/image?url=%2Fref%2Fimages%2Ftags%2Ftag47.png&w=96&q=75 => [200] 
72. [GET] https://nevatrip.ru/_next/image?url=%2Fref%2Fimages%2Ftags%2Ftag36.png&w=96&q=75 => [200] 
73. [GET] https://nevatrip.ru/_next/static/media/d538c3ded86c536c-s.woff2 => [200] 
74. [POST] https://collector.nevatrip.ru/collect => [202] 
75. [GET] https://code.jivosite.com/widget/mHc9EQO9AD => [200] 
76. [GET] https://nevatrip.ru/ajax/get_country_code => [200] 
77. [GET] https://nevatrip.ru/api/filter/list => [200] 
78. [GET] https://www.google-analytics.com/analytics.js => [200] 
79. [GET] https://mc.yandex.ru/metrika/tag.js => [200] 
80. [GET] https://abt.s3.yandex.net/expjs/latest/exp.js => [200] 
81. [GET] https://vk.com/js/api/openapi.js?169 => [302] 
82. [GET] https://top-fwz1.mail.ru/js/code.js => [200] 
83. [POST] https://www.google.com/ccm/collect?rcb=10&frm=0&ae=g&auid=321959720.1779131278&dt=%D0%92%D0%BE%D0%B4%D0%BD%D1%8B%D0%B5%20%D1%8D%D0%BA%D1%81%D0%BA%D1%83%D1%80%D1%81%D0%B8%D0%B8%20%D0%B2%20%D0%A1%D0%B0%D0%BD%D0%BA%D1%82-%D0%9F%D0%B5%D1%82%D0%B5%D1%80%D0%B1%D1%83%D1%80%D0%B3%D0%B5%202026%20%E2%80%94%20%D0%BC%D0%B0%D1%80%D1%88%D1%80%D1%83&en=page_view&dl=https%3A%2F%2Fnevatrip.ru%2F&scrsrc=www.googletagmanager.com&rnd=659411769.1779131278&navt=n&npa=0&ep.ads_data_redaction=0&gtm=45He65f1h2v837587420za200zd837587420xea&gcd=13l3l3l3l1l1&dma=0&tag_exp=0~115938465~115938469&apve=1&apvf=f&apvc=1&tft=1779131277832&tfd=2396 => [200] 
84. [GET] https://code.jivosite.com/script/widget/config/mHc9EQO9AD => [200] 
85. [GET] https://node-sber1-az2-20.jivo.ru/widget/status/728220/mHc9EQO9AD?rnd=0.7155922558012384 => [200] 
86. [POST] https://www.google-analytics.com/j/collect?v=1&_v=j102&a=1218753975&t=pageview&_s=1&dl=https%3A%2F%2Fnevatrip.ru%2F&ul=en-gb&dt=%D0%92%D0%BE%D0%B4%D0%BD%D1%8B%D0%B5%20%D1%8D%D0%BA%D1%81%D0%BA%D1%83%D1%80%D1%81%D0%B8%D0%B8%20%D0%B2%20%D0%A1%D0%B0%D0%BD%D0%BA%D1%82-%D0%9F%D0%B5%D1%82%D0%B5%D1%80%D0%B1%D1%83%D1%80%D0%B3%D0%B5%202026%20%E2%80%94%20%D0%BC%D0%B0%D1%80%D1%88%D1%80%D1%83%D1%82%D1%8B%2C%20%D1%86%D0%B5%D0%BD%D1%8B%20%D0%B8%20%D1%80%D0%B0%D1%81%D0%BF%D0%B8%D1%81%D0%B0%D0%BD%D0%B8%D0%B5&sr=1280x800&vp=1200x644&_u=YEBAAEABAAAAACAAI~&jid=1086923880&gjid=1171086238&cid=33518627.1779131278&tid=UA-60522369-1&_gid=645115507.1779131278&_r=1&_slc=1&gtm=45He65f1h2n81T5KN99Rv837587420za200zd837587420&gcd=13l3l3l3l1l1&dma=0&tag_exp=0~115938465~115938469&z=2136574307 => [200] 
87. [GET] https://vk.com/dist/public/api/openapi.0872b5cf548850a00f9eb9dac3a9a0a4.js?169 => [200] 
88. [POST] https://www.google.com/ccm/collect?rcb=10&frm=0&ae=g&auid=321959720.1779131278&dt=%D0%92%D0%BE%D0%B4%D0%BD%D1%8B%D0%B5%20%D1%8D%D0%BA%D1%81%D0%BA%D1%83%D1%80%D1%81%D0%B8%D0%B8%20%D0%B2%20%D0%A1%D0%B0%D0%BD%D0%BA%D1%82-%D0%9F%D0%B5%D1%82%D0%B5%D1%80%D0%B1%D1%83%D1%80%D0%B3%D0%B5%202026%20%E2%80%94%20%D0%BC%D0%B0%D1%80%D1%88%D1%80%D1%83&en=page_view&dl=https%3A%2F%2Fnevatrip.ru%2F&scrsrc=www.googletagmanager.com&rnd=659411769.1779131278&navt=n&npa=0&ep.ads_data_redaction=0&gtm=45He65f1h2v837587420za200zd837587420xea&gcd=13l3l3l3l1l1&dma=0&tag_exp=0~115938465~115938469&apve=1&apvf=f&apvc=1&tft=1779131277832&tfd=2396 => [200] 
89. [GET] https://uaas.yandex.ru/v1/exps/?client_id=metrika.28914540&url=https%3A%2F%2Fnevatrip.ru%2F&i=&duid=&client_features=%7B%7D => [200] Ok
90. [GET] https://www.googletagmanager.com/gtag/js?id=G-NNXEPEX338&cx=c&_slc=1 => [200] 
91. [GET] https://privacy-cs.mail.ru/static/sync-loader.js => [200] OK
92. [GET] https://top-fwz1.mail.ru/js/dyn-goal-config.js?ids=3478588 => [200] 
93. [GET] https://top-fwz1.mail.ru/counter?_=0.5088529121926088;id=3478588;u=https%3A%2F%2Fnevatrip.ru%2F;title=%D0%92%D0%BE%D0%B4%D0%BD%D1%8B%D0%B5%20%D1%8D%D0%BA%D1%81%D0%BA%D1%83%D1%80%D1%81%D0%B8%D0%B8%20%D0%B2%20%D0%A1%D0%B0%D0%BD%D0%BA%D1%82-%D0%9F%D0%B5%D1%82%D0%B5%D1%80%D0%B1%D1%83%D1%80%D0%B3%D0%B5%202026%20%E2%80%94%20%D0%BC%D0%B0%D1%80%D1%88%D1%80%D1%83%D1%82%D1%8B%2C%20%D1%86%D0%B5%D0%BD%D1%8B%20%D0%B8%20%D1%80%D0%B0%D1%81%D0%BF%D0%B8%D1%81%D0%B0%D0%BD%D0%B8%D0%B5;s=1280*800;vp=1200*644;touch=0;hds=2;sid=4f4e90cfe70e6857;ver=60.6.0;tz=-180%2FEurope%2FMoscow;st=1779131276665;ct=2991/3015/3015//2382;rt=2384/590/0/0/0/2384/2386/2453/2453/2786/2455/2786/2969/2974;gl=u;ni=10//4g/250/0/;lvid=1779131278450%3A1779131278454%3A1%3Affdc6f44ec6967c3dcbd391a872962be;opts=dl%2Cjst-gtag-ga%2Ccnhp%3Dh2%2Ccs%3D19684-48997-19984;visible=true;js=13 => [200] 
94. [GET] https://top-fwz1.mail.ru/counter?_=0.10234651557406504;id=3478588;u=https%3A%2F%2Fnevatrip.ru%2F;title=%D0%92%D0%BE%D0%B4%D0%BD%D1%8B%D0%B5%20%D1%8D%D0%BA%D1%81%D0%BA%D1%83%D1%80%D1%81%D0%B8%D0%B8%20%D0%B2%20%D0%A1%D0%B0%D0%BD%D0%BA%D1%82-%D0%9F%D0%B5%D1%82%D0%B5%D1%80%D0%B1%D1%83%D1%80%D0%B3%D0%B5%202026%20%E2%80%94%20%D0%BC%D0%B0%D1%80%D1%88%D1%80%D1%83%D1%82%D1%8B%2C%20%D1%86%D0%B5%D0%BD%D1%8B%20%D0%B8%20%D1%80%D0%B0%D1%81%D0%BF%D0%B8%D1%81%D0%B0%D0%BD%D0%B8%D0%B5;s=1280*800;vp=1200*644;touch=0;hds=2;sid=4f4e90cfe70e6857;ver=60.6.0;tz=-180%2FEurope%2FMoscow;st=1779131276665;ct=2991/3015/3015//2382;rt=2384/590/0/0/0/2384/2386/2453/2453/2786/2455/2786/2969/2974;gl=u;ni=10//4g/250/0/;lvid=1779131278450%3A1779131278455%3A2%3Affdc6f44ec6967c3dcbd391a872962be;opts=dl%2Cjst-gtag-ga%2Ccnhp%3Dh2%2Ccs%3D19684-48997-19984;visible=true;js=13 => [200] 
95. [GET] https://vk.com/rtrg?p=VK-RTRG-1787369-203LN&metatag_url=https%3A%2F%2Fnevatrip.ru%2F&metatag_title=%D0%92%D0%BE%D0%B4%D0%BD%D1%8B%D0%B5%20%D0%BF%D1%80%D0%BE%D0%B3%D1%83%D0%BB%D0%BA%D0%B8%20%D0%B8%20%D1%8D%D0%BA%D1%81%D0%BA%D1%83%D1%80%D1%81%D0%B8%D0%B8%20%D0%BF%D0%BE%20%D0%9F%D0%B5%D1%82%D0%B5%D1%80%D0%B1%D1%83%D1%80%D0%B3%D1%83 => [200] 
96. [GET] https://mc.yandex.com/sync_cookie_image_check?scid=8dd4488b-e3de-0968-2da5-dd2fd0a7e0b3&cid=28914540 => [302] 
97. [GET] https://mc.yandex.com/metrika/advert.gif?t=gdpr(14)ti(4) => [200] 
98. [GET] https://mc.yandex.ru/sync_cookie_image_start?cid=28914540&redirect_domain=mc.yandex.com&scid=8dd4488b-e3de-0968-2da5-dd2fd0a7e0b3&token=11035.SOqKuGwH3RX2QIe7WMOBfd9_jNoo6OqAmmyXyzegzvVBOq_UiS3fri0u5vq_F0hN.R55IuYWRMOPqqOiqIimpNkN--1k%2C => [302] 
99. [GET] https://mc.yandex.com/sync_cookie_image_decide?cid=28914540&scid=8dd4488b-e3de-0968-2da5-dd2fd0a7e0b3&token=11035.kYOBxunNMOLYJTOZpUoiCmqsWg6hWi3lGnTyje3nATEo8A_uECJ6oBCcr1YNEv8kQAvQMTeIKNGjek4esSyoKwyZNGsW_S442IQnfytZtxydovIg_7xlxPY66bYrdgqAAVRGSwkzGLCqj2J3RYXeWXwB4Z-7tTjTrw3w7N03GnCnXI5_cHclBdTLWiyaHuswdylHsV4N0j1mELvzMV38Pzg_KcXnh74XHrGkfRynKb0%2C.EMkohNCvD26p_9BQ3UypPJdQxL0%2C => [200] 
100. [GET] https://mc.yandex.com/watch/96179364?wmode=7&page-url=https%3A%2F%2Fnevatrip.ru%2F&charset=utf-8&uah=chu%0A%22Chromium%22%3Bv%3D%22148%22%2C%22Google%20Chrome%22%3Bv%3D%22148%22%2C%22Not%2FA)Brand%22%3Bv%3D%2299%22%0Acha%0Ax86%0Achb%0A64%0Achf%0A148.0.7778.168%0Achl%0A%22Chromium%22%3Bv%3D%22148.0.7778.168%22%2C%22Google%20Chrome%22%3Bv%3D%22148.0.7778.168%22%2C%22Not%2FA)Brand%22%3Bv%3D%2299.0.0.0%22%0Achm%0A%3F0%0Achp%0AmacOS%0Achv%0A14.4.1&browser-info=pv%3A1%3Avf%3Apudvqnsfv62y3npq3237otj0noa8r%3Afu%3A0%3Aen%3Autf-8%3Ala%3Aen-GB%3Av%3A2510%3Acn%3A2%3Adp%3A0%3Als%3A440779247404%3Ahid%3A509906955%3Az%3A180%3Ai%3A20260518220758%3Aet%3A1779131279%3Ac%3A1%3Arn%3A70684581%3Arqn%3A1%3Au%3A1779131279665915280%3Aw%3A1200x644%3As%3A1280x800x24%3Ask%3A2%3Awv%3A2%3Ads%3A0%2C153%2C386%2C175%2C3%2C0%2C%2C507%2C0%2C%2C%2C%2C1229%3Aco%3A0%3Acpf%3A1%3Ans%3A1779131275436%3Agi%3AR0ExLjIuMzM1MTg2MjcuMTc3OTEzMTI3OA%3D%3D%3Aadb%3A2%3Arqnl%3A1%3Ast%3A1779131280%3At%3A%D0%92%D0%BE%D0%B4%D0%BD%D1%8B%D0%B5%20%D1%8D%D0%BA%D1%81%D0%BA%D1%83%D1%80%D1%81%D0%B8%D0%B8%20%D0%B2%20%D0%A1%D0%B0%D0%BD%D0%BA%D1%82-%D0%9F%D0%B5%D1%82%D0%B5%D1%80%D0%B1%D1%83%D1%80%D0%B3%D0%B5%202026%20%E2%80%94%20%D0%BC%D0%B0%D1%80%D1%88%D1%80%D1%83%D1%82%D1%8B%2C%20%D1%86%D0%B5%D0%BD%D1%8B%20%D0%B8%20%D1%80%D0%B0%D1%81%D0%BF%D0%B8%D1%81%D0%B0%D0%BD%D0%B8%D0%B5&t=clt(962)gdpr(14)clc(0-0-0)rqnt(1)aw(1)rcm(1)ecs(0)cdl(na)eco(42271236)ti(1) => [200] 
101. [GET] https://mc.yandex.com/watch/28914540?wmode=7&page-url=https%3A%2F%2Fnevatrip.ru%2F&charset=utf-8&uah=chu%0A%22Chromium%22%3Bv%3D%22148%22%2C%22Google%20Chrome%22%3Bv%3D%22148%22%2C%22Not%2FA)Brand%22%3Bv%3D%2299%22%0Acha%0Ax86%0Achb%0A64%0Achf%0A148.0.7778.168%0Achl%0A%22Chromium%22%3Bv%3D%22148.0.7778.168%22%2C%22Google%20Chrome%22%3Bv%3D%22148.0.7778.168%22%2C%22Not%2FA)Brand%22%3Bv%3D%2299.0.0.0%22%0Achm%0A%3F0%0Achp%0AmacOS%0Achv%0A14.4.1&browser-info=pv%3A1%3Avf%3Apudvqnsfv62y3npq3237otj0noa8r%3Afu%3A0%3Aen%3Autf-8%3Ala%3Aen-GB%3Av%3A2510%3Acn%3A1%3Adp%3A0%3Als%3A231935506158%3Ahid%3A509906955%3Az%3A180%3Ai%3A20260518220758%3Aet%3A1779131279%3Ac%3A1%3Arn%3A749793582%3Arqn%3A1%3Au%3A1779131279665915280%3Aw%3A1200x644%3As%3A1280x800x24%3Ask%3A2%3Awv%3A2%3Ads%3A0%2C153%2C386%2C175%2C3%2C0%2C%2C507%2C0%2C%2C%2C%2C1229%3Aco%3A0%3Acpf%3A1%3Ans%3A1779131275436%3Agi%3AR0ExLjIuMzM1MTg2MjcuMTc3OTEzMTI3OA%3D%3D%3Aadb%3A2%3Arqnl%3A1%3Ast%3A1779131280%3At%3A%D0%92%D0%BE%D0%B4%D0%BD%D1%8B%D0%B5%20%D1%8D%D0%BA%D1%81%D0%BA%D1%83%D1%80%D1%81%D0%B8%D0%B8%20%D0%B2%20%D0%A1%D0%B0%D0%BD%D0%BA%D1%82-%D0%9F%D0%B5%D1%82%D0%B5%D1%80%D0%B1%D1%83%D1%80%D0%B3%D0%B5%202026%20%E2%80%94%20%D0%BC%D0%B0%D1%80%D1%88%D1%80%D1%83%D1%82%D1%8B%2C%20%D1%86%D0%B5%D0%BD%D1%8B%20%D0%B8%20%D1%80%D0%B0%D1%81%D0%BF%D0%B8%D1%81%D0%B0%D0%BD%D0%B8%D0%B5&t=clt(762)gdpr(14)clc(0-0-0)rqnt(1)aw(1)rcm(1)cdl(na)eco(42271492)ti(1) => [200] 
102. [POST] https://analytics.google.com/g/collect?v=2&tid=G-NNXEPEX338&gtm=45je65e0v9127306463za20g&_p=1779131276273&_gaz=1&gcd=13l3l3l3l2l1&npa=0&dma=0&_eu=EBAIAGAC&are=1&cid=33518627.1779131278&frm=0&ir=1&pscdl=noapi&rcb=15&sr=1280x800&uaa=x86&uab=64&uafvl=Chromium%3B148.0.7778.168%7CGoogle%2520Chrome%3B148.0.7778.168%7CNot%252FA)Brand%3B99.0.0.0&uam=&uamb=0&uap=macOS&uapv=14.4.1&uaw=0&ul=en-gb&gaf=2&_s=1&tag_exp=0~115616985~115938465~115938468~118168308&dl=https%3A%2F%2Fnevatrip.ru%2F&dt=%D0%92%D0%BE%D0%B4%D0%BD%D1%8B%D0%B5%20%D1%8D%D0%BA%D1%81%D0%BA%D1%83%D1%80%D1%81%D0%B8%D0%B8%20%D0%B2%20%D0%A1%D0%B0%D0%BD%D0%BA%D1%82-%D0%9F%D0%B5%D1%82%D0%B5%D1%80%D0%B1%D1%83%D1%80%D0%B3%D0%B5%202026%20%E2%80%94%20%D0%BC%D0%B0%D1%80%D1%88%D1%80%D1%83%D1%82%D1%8B%2C%20%D1%86%D0%B5%D0%BD%D1%8B%20%D0%B8%20%D1%80%D0%B0%D1%81%D0%BF%D0%B8%D1%81%D0%B0%D0%BD%D0%B8%D0%B5&sid=1779131280&sct=1&seg=0&_tu=wAQ&en=page_view&_fv=1&_ss=1&_ee=1&gap.uat=0~115938465~115938469&tfd=4612 => [204] 
103. [POST] https://stats.g.doubleclick.net/g/collect?v=2&tid=G-NNXEPEX338&cid=33518627.1779131278&gtm=45je65e0v9127306463za20g&rcb=15&aip=1&dma=0&gcd=13l3l3l3l2l1&npa=0&frm=0&tag_exp=0~115616985~115938465~115938468~118168308 => [204] 
104. [GET] https://www.google.ru/ads/ga-audiences?v=1&t=sr&slf_rd=1&_r=4&tid=G-NNXEPEX338&cid=33518627.1779131278&gtm=45je65e0v9127306463za20g&rcb=15&aip=1&dma=0&gcd=13l3l3l3l2l1&npa=0&frm=0&tag_exp=0~115616985~115938465~115938468~118168308&z=667204212 => [200] 
105. [POST] https://mc.yandex.com/watch/28914540?page-url=https%3A%2F%2Fnevatrip.ru%2F&exp=P54lnS9LcLo%2C&charset=utf-8&uah=chu%0A%22Chromium%22%3Bv%3D%22148%22%2C%22Google%20Chrome%22%3Bv%3D%22148%22%2C%22Not%2FA)Brand%22%3Bv%3D%2299%22%0Acha%0Ax86%0Achb%0A64%0Achf%0A148.0.7778.168%0Achl%0A%22Chromium%22%3Bv%3D%22148.0.7778.168%22%2C%22Google%20Chrome%22%3Bv%3D%22148.0.7778.168%22%2C%22Not%2FA)Brand%22%3Bv%3D%2299.0.0.0%22%0Achm%0A%3F0%0Achp%0AmacOS%0Achv%0A14.4.1&hidv2=2690666962874794005&hittoken=1779131279_802314bfa3177159fb46ab46f507e46a61bb3d401433d3c639e831a54d07054c&browser-info=ex%3A1%3Aar%3A1%3Avf%3Apudvqnsfv62y3npq3237otj0noa8r%3Afu%3A0%3Aen%3Autf-8%3Ala%3Aen-GB%3Av%3A2510%3Acn%3A1%3Adp%3A1%3Als%3A231935506158%3Ahid%3A509906955%3Az%3A180%3Ai%3A20260518220800%3Aet%3A1779131280%3Ac%3A1%3Arn%3A991776641%3Arqn%3A2%3Au%3A1779131279665915280%3Aw%3A1200x644%3As%3A1280x800x24%3Ask%3A2%3Awv%3A2%3Aco%3A0%3Acpf%3A1%3Aeu%3A2%3Ans%3A1779131275436%3Agi%3AR0ExLjIuMzM1MTg2MjcuMTc3OTEzMTI3OA%3D%3D%3Aadb%3A2%3Arqnl%3A1%3Ast%3A1779131280%3At%3A%D0%92%D0%BE%D0%B4%D0%BD%D1%8B%D0%B5%20%D1%8D%D0%BA%D1%81%D0%BA%D1%83%D1%80%D1%81%D0%B8%D0%B8%20%D0%B2%20%D0%A1%D0%B0%D0%BD%D0%BA%D1%82-%D0%9F%D0%B5%D1%82%D0%B5%D1%80%D0%B1%D1%83%D1%80%D0%B3%D0%B5%202026%20%E2%80%94%20%D0%BC%D0%B0%D1%80%D1%88%D1%80%D1%83%D1%82%D1%8B%2C%20%D1%86%D0%B5%D0%BD%D1%8B%20%D0%B8%20%D1%80%D0%B0%D1%81%D0%BF%D0%B8%D1%81%D0%B0%D0%BD%D0%B8%D0%B5&t=gdpr(14)mc(ex-2)clc(0-0-0)rqnt(2)aw(1)rcm(1)ecs(0)cdl(na)eco(42271492)ti(0)&force-urlencoded=1 => [200] 
106. [POST] https://mc.yandex.com/watch/28914540?page-url=https%3A%2F%2Fnevatrip.ru%2F&exp=P54lnS9LcLo%2C&charset=utf-8&uah=chu%0A%22Chromium%22%3Bv%3D%22148%22%2C%22Google%20Chrome%22%3Bv%3D%22148%22%2C%22Not%2FA)Brand%22%3Bv%3D%2299%22%0Acha%0Ax86%0Achb%0A64%0Achf%0A148.0.7778.168%0Achl%0A%22Chromium%22%3Bv%3D%22148.0.7778.168%22%2C%22Google%20Chrome%22%3Bv%3D%22148.0.7778.168%22%2C%22Not%2FA)Brand%22%3Bv%3D%2299.0.0.0%22%0Achm%0A%3F0%0Achp%0AmacOS%0Achv%0A14.4.1&hidv2=2690666962874794005&hittoken=1779131279_802314bfa3177159fb46ab46f507e46a61bb3d401433d3c639e831a54d07054c&browser-info=ex%3A1%3Aar%3A1%3Avf%3Apudvqnsfv62y3npq3237otj0noa8r%3Afu%3A0%3Aen%3Autf-8%3Ala%3Aen-GB%3Av%3A2510%3Acn%3A1%3Adp%3A1%3Als%3A231935506158%3Ahid%3A509906955%3Az%3A180%3Ai%3A20260518220800%3Aet%3A1779131280%3Ac%3A1%3Arn%3A677052357%3Arqn%3A3%3Au%3A1779131279665915280%3Aw%3A1200x644%3As%3A1280x800x24%3Ask%3A2%3Awv%3A2%3Aco%3A0%3Acpf%3A1%3Aeu%3A2%3Ans%3A1779131275436%3Agi%3AR0ExLjIuMzM1MTg2MjcuMTc3OTEzMTI3OA%3D%3D%3Aadb%3A2%3Arqnl%3A1%3Ast%3A1779131280%3At%3A%D0%92%D0%BE%D0%B4%D0%BD%D1%8B%D0%B5%20%D1%8D%D0%BA%D1%81%D0%BA%D1%83%D1%80%D1%81%D0%B8%D0%B8%20%D0%B2%20%D0%A1%D0%B0%D0%BD%D0%BA%D1%82-%D0%9F%D0%B5%D1%82%D0%B5%D1%80%D0%B1%D1%83%D1%80%D0%B3%D0%B5%202026%20%E2%80%94%20%D0%BC%D0%B0%D1%80%D1%88%D1%80%D1%83%D1%82%D1%8B%2C%20%D1%86%D0%B5%D0%BD%D1%8B%20%D0%B8%20%D1%80%D0%B0%D1%81%D0%BF%D0%B8%D1%81%D0%B0%D0%BD%D0%B8%D0%B5&t=gdpr(14)mc(ex-2)clc(0-0-0)rqnt(3)aw(1)rcm(1)ecs(0)cdl(na)eco(42271492)ti(0)&force-urlencoded=1 => [200] 
107. [GET] https://code.jivo.ru/js/bundle.js?rand=1777289744 => [200] 
108. [GET] https://top-fwz1.mail.ru/tracker?_=0.21901330593945245;id=3478588;u=https%3A%2F%2Fnevatrip.ru%2F;title=%D0%92%D0%BE%D0%B4%D0%BD%D1%8B%D0%B5%20%D1%8D%D0%BA%D1%81%D0%BA%D1%83%D1%80%D1%81%D0%B8%D0%B8%20%D0%B2%20%D0%A1%D0%B0%D0%BD%D0%BA%D1%82-%D0%9F%D0%B5%D1%82%D0%B5%D1%80%D0%B1%D1%83%D1%80%D0%B3%D0%B5%202026%20%E2%80%94%20%D0%BC%D0%B0%D1%80%D1%88%D1%80%D1%83%D1%82%D1%8B%2C%20%D1%86%D0%B5%D0%BD%D1%8B%20%D0%B8%20%D1%80%D0%B0%D1%81%D0%BF%D0%B8%D1%81%D0%B0%D0%BD%D0%B8%D0%B5;s=1280*800;vp=1200*644;touch=0;hds=2;sid=4f4e90cfe70e6857;ver=60.6.0;tz=-180%2FEurope%2FMoscow;st=1779131276665;nt=0/0/1779131275436/////3/8/8/8/161/9/161/547/722/555/1229/1229/1229/5226/5253/5256;ct=2991/3015/3015/3021/2382;rt=2384/590/0/0/0/2384/2386/2453/2453/2786/2455/2786/2969/2974;gl=u;ni=10//4g/250/0/;lvid=1779131278450%3A1779131280699%3A3%3Affdc6f44ec6967c3dcbd391a872962be;opts=dl%2Cjst-gtag-ga-ym-vk%2Ccnhp%3Dh2%2Ccs%3D19684-48997-19984;visible=true;js=13;e=RT%2Fload;et=1779131280694 => [200] 
109. [POST] https://collector.nevatrip.ru/collect => [202] 
110. [POST] https://analytics.google.com/g/collect?v=2&tid=G-NNXEPEX338&gtm=45je65e0v9127306463za20g&_p=1779131276273&_gaz=1&gcd=13l3l3l3l2l1&npa=0&dma=0&_eu=EBAIAGAC&are=1&cid=33518627.1779131278&frm=0&ir=1&pscdl=noapi&rcb=15&sr=1280x800&uaa=x86&uab=64&uafvl=Chromium%3B148.0.7778.168%7CGoogle%2520Chrome%3B148.0.7778.168%7CNot%252FA)Brand%3B99.0.0.0&uam=&uamb=0&uap=macOS&uapv=14.4.1&uaw=0&ul=en-gb&gaf=2&_s=1&tag_exp=0~115616985~115938465~115938468~118168308&dl=https%3A%2F%2Fnevatrip.ru%2F&dt=%D0%92%D0%BE%D0%B4%D0%BD%D1%8B%D0%B5%20%D1%8D%D0%BA%D1%81%D0%BA%D1%83%D1%80%D1%81%D0%B8%D0%B8%20%D0%B2%20%D0%A1%D0%B0%D0%BD%D0%BA%D1%82-%D0%9F%D0%B5%D1%82%D0%B5%D1%80%D0%B1%D1%83%D1%80%D0%B3%D0%B5%202026%20%E2%80%94%20%D0%BC%D0%B0%D1%80%D1%88%D1%80%D1%83%D1%82%D1%8B%2C%20%D1%86%D0%B5%D0%BD%D1%8B%20%D0%B8%20%D1%80%D0%B0%D1%81%D0%BF%D0%B8%D1%81%D0%B0%D0%BD%D0%B8%D0%B5&sid=1779131280&sct=1&seg=0&_tu=wAQ&en=page_view&_fv=1&_ss=1&_ee=1&gap.uat=0~115938465~115938469&tfd=4612 => [204] 
111. [GET] https://nevatrip.ru/ref/favicons/nevatrip/android-chrome-192x192.png => [200] 
112. [POST] https://collector.nevatrip.ru/collect => [202] 
113. [POST] https://privacy-cs.mail.ru/fp/?id=59SQDkeS0hOoOWTqidCaF => [200] OK
114. [GET] https://code.jivo.ru/css/cdddffe/widget.css => [200] 
115. [POST] https://mc.yandex.com/watch/28914540/1?page-url=https%3A%2F%2Fnevatrip.ru%2F&charset=utf-8&uah=chu%0A%22Chromium%22%3Bv%3D%22148%22%2C%22Google%20Chrome%22%3Bv%3D%22148%22%2C%22Not%2FA)Brand%22%3Bv%3D%2299%22%0Acha%0Ax86%0Achb%0A64%0Achf%0A148.0.7778.168%0Achl%0A%22Chromium%22%3Bv%3D%22148.0.7778.168%22%2C%22Google%20Chrome%22%3Bv%3D%22148.0.7778.168%22%2C%22Not%2FA)Brand%22%3Bv%3D%2299.0.0.0%22%0Achm%0A%3F0%0Achp%0AmacOS%0Achv%0A14.4.1&hidv2=2690666962874794005&hittoken=1779131279_802314bfa3177159fb46ab46f507e46a61bb3d401433d3c639e831a54d07054c&browser-info=pa%3A1%3Aar%3A1%3Avf%3Apudvqnsfv62y3npq3237otj0noa8r%3Afu%3A0%3Aen%3Autf-8%3Ala%3Aen-GB%3Av%3A2510%3Acn%3A1%3Adp%3A1%3Als%3A231935506158%3Ahid%3A509906955%3Az%3A180%3Ai%3A20260518220804%3Aet%3A1779131284%3Ac%3A1%3Arn%3A433969293%3Arqn%3A4%3Au%3A1779131279665915280%3Aw%3A1200x644%3As%3A1280x800x24%3Ask%3A2%3Awv%3A2%3Ads%3A%2C%2C%2C%2C%2C%2C%2C%2C%2C5225%2C5253%2C3%2C%3Aco%3A0%3Acpf%3A1%3Aeu%3A2%3Ans%3A1779131275436%3Agi%3AR0ExLjIuMzM1MTg2MjcuMTc3OTEzMTI3OA%3D%3D%3Aadb%3A2%3Arqnl%3A1%3Ast%3A1779131284&t=gdpr(14)mc(ex-2)clc(0-0-0)rqnt(4)aw(1)rcm(1)ecs(0)csu(0)cdl(na)eco(42271492)prs(2)wss(2)w2s(16)evt(1741)ti(0)&force-urlencoded=1&site-info=%7B%22%D0%A2%D0%95%D0%A1%D0%A2%201%22%3A%22Group%20A%22%7D => [200] 
116. [POST] https://mc.yandex.com/watch/96179364/1?page-url=https%3A%2F%2Fnevatrip.ru%2F&charset=utf-8&uah=chu%0A%22Chromium%22%3Bv%3D%22148%22%2C%22Google%20Chrome%22%3Bv%3D%22148%22%2C%22Not%2FA)Brand%22%3Bv%3D%2299%22%0Acha%0Ax86%0Achb%0A64%0Achf%0A148.0.7778.168%0Achl%0A%22Chromium%22%3Bv%3D%22148.0.7778.168%22%2C%22Google%20Chrome%22%3Bv%3D%22148.0.7778.168%22%2C%22Not%2FA)Brand%22%3Bv%3D%2299.0.0.0%22%0Achm%0A%3F0%0Achp%0AmacOS%0Achv%0A14.4.1&hidv2=2690666962278678691&hittoken=1779131279_3d1d107655a96d031649f66d8841d88d936c6f9d2bad180f0c8ebce3100e0ea7&browser-info=pa%3A1%3Aar%3A1%3Avf%3Apudvqnsfv62y3npq3237otj0noa8r%3Afu%3A0%3Aen%3Autf-8%3Ala%3Aen-GB%3Av%3A2510%3Acn%3A2%3Adp%3A1%3Als%3A440779247404%3Ahid%3A509906955%3Az%3A180%3Ai%3A20260518220804%3Aet%3A1779131284%3Ac%3A1%3Arn%3A266605393%3Arqn%3A2%3Au%3A1779131279665915280%3Aw%3A1200x644%3As%3A1280x800x24%3Ask%3A2%3Awv%3A2%3Ads%3A%2C%2C%2C%2C%2C%2C%2C%2C%2C5225%2C5253%2C3%2C%3Aco%3A0%3Acpf%3A1%3Aeu%3A2%3Ans%3A1779131275436%3Agi%3AR0ExLjIuMzM1MTg2MjcuMTc3OTEzMTI3OA%3D%3D%3Aadb%3A2%3Arqnl%3A1%3Ast%3A1779131284&t=gdpr(14)mc(ex-2-p-1)clc(0-0-0)rqnt(2)aw(1)rcm(1)ecs(0)csu(0)cdl(na)eco(42271236)prs(2)wss(2)w2s(16)evt(1482)ti(0)&force-urlencoded=1&site-info=%7B%22%D0%A2%D0%95%D0%A1%D0%A2%201%22%3A%22Group%20A%22%7D => [200] 
117. [POST] https://privacy-cs.mail.ru/fp/?id=59SQDkeS0hOoOWTqidCaF => [200] OK
118. [GET] https://code.jivo.ru/js/cdddffe/locale-ru-RU-json.js => [200] 
119. [GET] https://nevatrip.ru/_next/image?url=https%3A%2F%2Fstatic.nevatrip.ru%2Fnevatrip%2Fimg%2Fe%2Fday%2Fprogulka-na-katere-so-skidkoy-spb.jpg&w=3840&q=75 => [200] 
120. [POST] https://collector.nevatrip.ru/collect => [202] 
121. [GET] https://code.jivo.ru/sounds/agent_message.mp3 => [206] 
122. [GET] https://code.jivo.ru/sounds/notification.mp3 => [206] 
123. [GET] https://code.jivo.ru/sounds/outgoing_message.mp3 => [206] 
124. [POST] https://privacy-cs.mail.ru/fp/?id=59SQDkeS0hOoOWTqidCaF => [200] OK
125. [POST] https://privacy-cs.mail.ru/fp/?id=59SQDkeS0hOoOWTqidCaF => [200] OK
126. [POST] https://collector.nevatrip.ru/collect => [202] 
127. [POST] https://mc.yandex.com/watch/28914540?page-url=https%3A%2F%2Fnevatrip.ru%2F&charset=utf-8&hidv2=2690666962874794005&hittoken=1779131279_802314bfa3177159fb46ab46f507e46a61bb3d401433d3c639e831a54d07054c&browser-info=nb%3A1%3Acl%3A1741%3Aar%3A1%3Avf%3Apudvqnsfv62y3npq3237otj0noa8r%3Afu%3A0%3Aen%3Autf-8%3Ala%3Aen-GB%3Av%3A2510%3Acn%3A1%3Adp%3A1%3Als%3A231935506158%3Ahid%3A509906955%3Az%3A180%3Ai%3A20260518220813%3Aet%3A1779131294%3Ac%3A1%3Arn%3A148835448%3Arqn%3A5%3Au%3A1779131279665915280%3Aw%3A1200x644%3As%3A1280x800x24%3Ask%3A2%3Afp%3A7536%3Awv%3A2%3Aco%3A0%3Acpf%3A1%3Aeu%3A2%3Ans%3A1779131275436%3Agi%3AR0ExLjIuMzM1MTg2MjcuMTc3OTEzMTI3OA%3D%3D%3Aadb%3A2%3Arqnl%3A1%3Ast%3A1779131294&t=gdpr(14)mc(ex-2-p-2)clc(0-0-0)rqnt(5)aw(1)rcm(1)ecs(0)csu(0)cdl(na)eco(42271492)prs(2)wss(2)w2s(16)evt(1741)ti(0)&force-urlencoded=1 => [200] 
128. [POST] https://mc.yandex.com/watch/96179364?page-url=https%3A%2F%2Fnevatrip.ru%2F&charset=utf-8&hidv2=2690666962278678691&hittoken=1779131279_3d1d107655a96d031649f66d8841d88d936c6f9d2bad180f0c8ebce3100e0ea7&browser-info=nb%3A1%3Acl%3A1482%3Aar%3A1%3Avf%3Apudvqnsfv62y3npq3237otj0noa8r%3Afu%3A0%3Aen%3Autf-8%3Ala%3Aen-GB%3Av%3A2510%3Acn%3A2%3Adp%3A1%3Als%3A440779247404%3Ahid%3A509906955%3Az%3A180%3Ai%3A20260518220813%3Aet%3A1779131294%3Ac%3A1%3Arn%3A79324487%3Arqn%3A3%3Au%3A1779131279665915280%3Aw%3A1200x644%3As%3A1280x800x24%3Ask%3A2%3Afp%3A7536%3Awv%3A2%3Aco%3A0%3Acpf%3A1%3Aeu%3A2%3Ans%3A1779131275436%3Agi%3AR0ExLjIuMzM1MTg2MjcuMTc3OTEzMTI3OA%3D%3D%3Aadb%3A2%3Arqnl%3A1%3Ast%3A1779131294&t=gdpr(14)mc(ex-2-p-2)clc(0-0-0)rqnt(3)aw(1)rcm(1)ecs(0)csu(0)cdl(na)eco(42271236)prs(2)wss(2)w2s(16)evt(1482)ti(0)&force-urlencoded=1 => [200] 
129. [GET] https://top-fwz1.mail.ru/tracker?_=0.7259814606033055;id=3478588;u=https%3A%2F%2Fnevatrip.ru%2F;title=%D0%92%D0%BE%D0%B4%D0%BD%D1%8B%D0%B5%20%D1%8D%D0%BA%D1%81%D0%BA%D1%83%D1%80%D1%81%D0%B8%D0%B8%20%D0%B2%20%D0%A1%D0%B0%D0%BD%D0%BA%D1%82-%D0%9F%D0%B5%D1%82%D0%B5%D1%80%D0%B1%D1%83%D1%80%D0%B3%D0%B5%202026%20%E2%80%94%20%D0%BC%D0%B0%D1%80%D1%88%D1%80%D1%83%D1%82%D1%8B%2C%20%D1%86%D0%B5%D0%BD%D1%8B%20%D0%B8%20%D1%80%D0%B0%D1%81%D0%BF%D0%B8%D1%81%D0%B0%D0%BD%D0%B8%D0%B5;s=1280*800;vp=1200*644;touch=0;hds=2;sid=4f4e90cfe70e6857;ver=60.6.0;tz=-180%2FEurope%2FMoscow;st=1779131276665;ct=2991/3015/3015/3021/2382;rt=2384/590/0/0/0/2384/2386/2453/2453/2786/2455/2786/2969/2974;gl=u;ni=10//4g/250/0/;detect=0;lvid=1779131278450%3A1779131295695%3A4%3Affdc6f44ec6967c3dcbd391a872962be;opts=dl%2Cjst-gtag-ga-ym-vk%2Ccnhp%3Dh2%2Ccs%3D19684-48997-19984;fpid=59SQDkeS0hOoOWTqidCaF;visible=true;js=13;e=PVT%2F15 => [200] 